2026-03-02 00:00:23 INFO  TC_001_AccountRegistrationTest:15 - ***** Starting TC001_AccountRegistrationTest  ****
2026-03-02 00:00:23 INFO  TC_001_AccountRegistrationTest:22 - Clicked on MyAccount Link.. 
2026-03-02 00:00:24 INFO  TC_001_AccountRegistrationTest:25 - Clicked on Register Link.. 
2026-03-02 00:00:24 INFO  TC_001_AccountRegistrationTest:32 - Providing customer details...
2026-03-02 00:00:28 INFO  TC_001_AccountRegistrationTest:49 - Validating expected message..
2026-03-02 00:00:28 INFO  TC_001_AccountRegistrationTest:55 - Test passed
2026-03-02 00:00:28 INFO  TC_001_AccountRegistrationTest:65 - ***** Finished TC001_AccountRegistrationTest *****
2026-03-02 00:00:31 INFO  TC_002_LoginTest:19 - ***** Starting TC001_AccountRegistrationTest  ****
2026-03-02 00:00:31 INFO  TC_002_LoginTest:24 - Clicked on MyAccount Link.. 
2026-03-02 00:00:31 INFO  TC_002_LoginTest:27 - Clicked on login Link.. 
2026-03-02 00:01:11 INFO  TC_001_AccountRegistrationTest:15 - ***** Starting TC001_AccountRegistrationTest  ****
2026-03-02 00:01:11 INFO  TC_001_AccountRegistrationTest:22 - Clicked on MyAccount Link.. 
2026-03-02 00:01:12 INFO  TC_001_AccountRegistrationTest:25 - Clicked on Register Link.. 
2026-03-02 00:01:12 INFO  TC_001_AccountRegistrationTest:32 - Providing customer details...
2026-03-02 00:01:14 INFO  TC_001_AccountRegistrationTest:49 - Validating expected message..
2026-03-02 00:01:14 INFO  TC_001_AccountRegistrationTest:55 - Test passed
2026-03-02 00:01:14 INFO  TC_001_AccountRegistrationTest:65 - ***** Finished TC001_AccountRegistrationTest *****
2026-03-02 00:01:18 INFO  TC_002_LoginTest:19 - ***** Starting TC001_AccountRegistrationTest  ****
2026-03-02 00:01:18 INFO  TC_002_LoginTest:24 - Clicked on MyAccount Link.. 
2026-03-02 00:01:18 INFO  TC_002_LoginTest:27 - Clicked on login Link.. 
2026-03-02 00:02:29 INFO  TC_001_AccountRegistrationTest:15 - ***** Starting TC001_AccountRegistrationTest  ****
2026-03-02 00:02:29 INFO  TC_001_AccountRegistrationTest:22 - Clicked on MyAccount Link.. 
2026-03-02 00:02:30 INFO  TC_001_AccountRegistrationTest:25 - Clicked on Register Link.. 
2026-03-02 00:02:30 INFO  TC_001_AccountRegistrationTest:32 - Providing customer details...
2026-03-02 00:02:32 INFO  TC_001_AccountRegistrationTest:49 - Validating expected message..
2026-03-02 00:02:32 INFO  TC_001_AccountRegistrationTest:55 - Test passed
2026-03-02 00:02:32 INFO  TC_001_AccountRegistrationTest:65 - ***** Finished TC001_AccountRegistrationTest *****
2026-03-02 00:02:37 INFO  TC_002_LoginTest:19 - ***** Starting TC001_AccountRegistrationTest  ****
2026-03-02 00:02:37 INFO  TC_002_LoginTest:24 - Clicked on MyAccount Link.. 
2026-03-02 00:02:38 INFO  TC_002_LoginTest:27 - Clicked on login Link.. 
2026-03-02 01:42:49 INFO  TC_003_LoginDDT:24 - Clicked on MyAccount Link.. 
2026-03-02 01:42:49 INFO  TC_003_LoginDDT:27 - Clicked on login Link.. 
2026-03-02 01:42:51 INFO  TC_003_LoginDDT:69 - **** Finished TC_003_LoginDDT *****
2026-03-02 01:42:51 INFO  TC_003_LoginDDT:24 - Clicked on MyAccount Link.. 
2026-03-02 01:42:51 INFO  TC_003_LoginDDT:27 - Clicked on login Link.. 
2026-03-02 01:42:54 INFO  TC_003_LoginDDT:24 - Clicked on MyAccount Link.. 
2026-03-02 01:42:54 INFO  TC_003_LoginDDT:27 - Clicked on login Link.. 
2026-03-02 01:42:56 INFO  TC_003_LoginDDT:24 - Clicked on MyAccount Link.. 
2026-03-02 01:42:57 INFO  TC_003_LoginDDT:27 - Clicked on login Link.. 
2026-03-02 01:43:08 INFO  TC_003_LoginDDT:24 - Clicked on MyAccount Link.. 
2026-03-02 01:43:08 INFO  TC_003_LoginDDT:27 - Clicked on login Link.. 
2026-03-02 01:43:10 INFO  TC_003_LoginDDT:69 - **** Finished TC_003_LoginDDT *****
2026-03-02 01:44:10 INFO  TC_003_LoginDDT:24 - Clicked on MyAccount Link.. 
2026-03-02 01:44:11 INFO  TC_003_LoginDDT:27 - Clicked on login Link.. 
2026-03-02 01:44:12 INFO  TC_003_LoginDDT:69 - **** Finished TC_003_LoginDDT *****
2026-03-02 01:44:13 INFO  TC_003_LoginDDT:24 - Clicked on MyAccount Link.. 
2026-03-02 01:44:13 INFO  TC_003_LoginDDT:27 - Clicked on login Link.. 
2026-03-02 01:44:15 INFO  TC_003_LoginDDT:24 - Clicked on MyAccount Link.. 
2026-03-02 01:44:15 INFO  TC_003_LoginDDT:27 - Clicked on login Link.. 
2026-03-02 01:44:18 INFO  TC_003_LoginDDT:24 - Clicked on MyAccount Link.. 
2026-03-02 01:44:18 INFO  TC_003_LoginDDT:27 - Clicked on login Link.. 
2026-03-02 01:44:29 INFO  TC_003_LoginDDT:24 - Clicked on MyAccount Link.. 
2026-03-02 01:44:30 INFO  TC_003_LoginDDT:27 - Clicked on login Link.. 
2026-03-02 01:44:32 INFO  TC_003_LoginDDT:69 - **** Finished TC_003_LoginDDT *****
2026-03-02 07:42:56 INFO  TC_003_LoginDDT:24 - Clicked on MyAccount Link.. 
2026-03-02 07:42:57 INFO  TC_003_LoginDDT:27 - Clicked on login Link.. 
2026-03-02 07:42:59 INFO  TC_003_LoginDDT:69 - **** Finished TC_003_LoginDDT *****
2026-03-02 07:42:59 INFO  TC_003_LoginDDT:24 - Clicked on MyAccount Link.. 
2026-03-02 07:43:00 INFO  TC_003_LoginDDT:27 - Clicked on login Link.. 
2026-03-02 07:43:03 INFO  TC_003_LoginDDT:24 - Clicked on MyAccount Link.. 
2026-03-02 07:43:04 INFO  TC_003_LoginDDT:27 - Clicked on login Link.. 
2026-03-02 07:43:07 INFO  TC_003_LoginDDT:24 - Clicked on MyAccount Link.. 
2026-03-02 07:43:07 INFO  TC_003_LoginDDT:27 - Clicked on login Link.. 
2026-03-02 07:43:21 INFO  TC_003_LoginDDT:24 - Clicked on MyAccount Link.. 
2026-03-02 07:43:21 INFO  TC_003_LoginDDT:27 - Clicked on login Link.. 
2026-03-02 07:43:23 INFO  TC_003_LoginDDT:69 - **** Finished TC_003_LoginDDT *****
2026-03-02 07:45:09 INFO  TC_001_AccountRegistrationTest:15 - ***** Starting TC001_AccountRegistrationTest  ****
2026-03-02 07:45:09 INFO  TC_001_AccountRegistrationTest:22 - Clicked on MyAccount Link.. 
2026-03-02 07:45:10 INFO  TC_001_AccountRegistrationTest:25 - Clicked on Register Link.. 
2026-03-02 07:45:10 INFO  TC_001_AccountRegistrationTest:32 - Providing customer details...
2026-03-02 07:45:12 INFO  TC_001_AccountRegistrationTest:49 - Validating expected message..
2026-03-02 07:45:13 INFO  TC_001_AccountRegistrationTest:55 - Test passed
2026-03-02 07:45:13 INFO  TC_001_AccountRegistrationTest:65 - ***** Finished TC001_AccountRegistrationTest *****
2026-03-02 07:47:19 INFO  TC_001_AccountRegistrationTest:15 - ***** Starting TC001_AccountRegistrationTest  ****
2026-03-02 07:47:20 INFO  TC_001_AccountRegistrationTest:22 - Clicked on MyAccount Link.. 
2026-03-02 07:47:21 INFO  TC_001_AccountRegistrationTest:25 - Clicked on Register Link.. 
2026-03-02 07:47:21 INFO  TC_001_AccountRegistrationTest:32 - Providing customer details...
2026-03-02 07:47:23 INFO  TC_001_AccountRegistrationTest:49 - Validating expected message..
2026-03-02 07:47:23 INFO  TC_001_AccountRegistrationTest:55 - Test passed
2026-03-02 07:47:23 INFO  TC_001_AccountRegistrationTest:65 - ***** Finished TC001_AccountRegistrationTest *****
2026-03-02 07:48:12 INFO  Utils:112 - [TestNG] Running:
  C:\Users\Raj\eclipse-workspace\OpenCart001\maaster.xml

2026-03-02 07:48:18 INFO  TC_003_LoginDDT:24 - Clicked on MyAccount Link.. 
2026-03-02 07:48:19 INFO  TC_003_LoginDDT:27 - Clicked on login Link.. 
2026-03-02 07:48:22 INFO  TC_003_LoginDDT:69 - **** Finished TC_003_LoginDDT *****
2026-03-02 07:48:23 INFO  TC_003_LoginDDT:24 - Clicked on MyAccount Link.. 
2026-03-02 07:48:24 INFO  TC_003_LoginDDT:27 - Clicked on login Link.. 
2026-03-02 07:48:26 INFO  TC_003_LoginDDT:24 - Clicked on MyAccount Link.. 
2026-03-02 07:48:27 INFO  TC_003_LoginDDT:27 - Clicked on login Link.. 
2026-03-02 07:48:30 INFO  TC_003_LoginDDT:24 - Clicked on MyAccount Link.. 
2026-03-02 07:48:30 INFO  TC_003_LoginDDT:27 - Clicked on login Link.. 
2026-03-02 07:48:43 INFO  TC_003_LoginDDT:24 - Clicked on MyAccount Link.. 
2026-03-02 07:48:43 INFO  TC_003_LoginDDT:27 - Clicked on login Link.. 
2026-03-02 07:48:45 INFO  TC_003_LoginDDT:69 - **** Finished TC_003_LoginDDT *****
2026-03-02 08:04:33 INFO  TC_001_AccountRegistrationTest:15 - ***** Starting TC001_AccountRegistrationTest  ****
2026-03-02 08:04:33 INFO  TC_001_AccountRegistrationTest:22 - Clicked on MyAccount Link.. 
2026-03-02 08:04:34 INFO  TC_001_AccountRegistrationTest:25 - Clicked on Register Link.. 
2026-03-02 08:04:34 INFO  TC_001_AccountRegistrationTest:32 - Providing customer details...
2026-03-02 08:04:37 INFO  TC_001_AccountRegistrationTest:49 - Validating expected message..
2026-03-02 08:04:37 INFO  TC_001_AccountRegistrationTest:55 - Test passed
2026-03-02 08:04:37 INFO  TC_001_AccountRegistrationTest:65 - ***** Finished TC001_AccountRegistrationTest *****
2026-03-02 08:20:29 INFO  TC_001_AccountRegistrationTest:15 - ***** Starting TC001_AccountRegistrationTest  ****
2026-03-02 08:20:29 INFO  TC_001_AccountRegistrationTest:22 - Clicked on MyAccount Link.. 
2026-03-02 08:20:29 INFO  TC_001_AccountRegistrationTest:25 - Clicked on Register Link.. 
2026-03-02 08:20:29 INFO  TC_001_AccountRegistrationTest:32 - Providing customer details...
2026-03-02 08:20:33 INFO  TC_001_AccountRegistrationTest:49 - Validating expected message..
2026-03-02 08:20:33 INFO  TC_001_AccountRegistrationTest:55 - Test passed
2026-03-02 08:20:33 INFO  TC_001_AccountRegistrationTest:65 - ***** Finished TC001_AccountRegistrationTest *****
